<?xml version="1.0" encoding="UTF-8" standalone="no"?>
<testsuite failures="1" name="cucumber.runtime.formatter.JUnitFormatter" skipped="0" tests="1" time="0">
    <testcase classname="Deal data creation" name="Free CRM Create a new deal scenario" time="0">
        <failure message="The scenario has pending or undefined step(s)"><![CDATA[Given user clicks on login button...........................................undefined
When user is on home page...................................................undefined
]]></failure>
    </testcase>
</testsuite>
